State 128 conflicts: 1 shift/reduce


Grammar

    0 $accept: Programa $end

    1 Programa: CABECERA_PROGRAMA bloque

    2 bloque: Inicio_de_bloque Declar_de_variables_locales Declar_de_subprogs Sentencias Fin_de_bloque

    3 Declar_de_subprogs: Declar_de_subprogs Declar_subprog
    4                   | /* empty */

    5 Declar_subprog: Cabecera_subprograma bloque

    6 Declar_de_variables_locales: MARCA_INI_DECLAR_VARIABLES Variables_locales MARCA_FIN_DECLAR_VARIABLES
    7                            | /* empty */

    8 Cabecera_subprograma: SUBPROG_CLAVE IDENTIFICADOR PARIZQ lista_argumentos PARDER

    9 Inicio_de_bloque: LLAVIZQ

   10 Fin_de_bloque: LLAVDER

   11 Variables_locales: Variables_locales Cuerpo_declar_variables
   12                  | /* empty */

   13 lista_argumentos: lista_argumentos COMA tipo IDENTIFICADOR
   14                 | tipo IDENTIFICADOR
   15                 | /* empty */
   16                 | error

   17 lista_identificadores: lista_identificadores COMA IDENTIFICADOR
   18                      | IDENTIFICADOR
   19                      | error

   20 lista_expresiones: lista_expresiones COMA expresion
   21                  | expresion
   22                  | /* empty */

   23 Cuerpo_declar_variables: tipo lista_identificadores PYC
   24                        | error

   25 tipo: TIPO_PRIM
   26     | TIPO_LISTA TIPO_PRIM

   27 Sentencias: Sentencia Sentencias
   28           | /* empty */

   29 Sentencia: bloque
   30          | sentencia_asignacion
   31          | sentencia_if
   32          | sentencia_while
   33          | sentencia_for
   34          | sentencia_entrada
   35          | sentencia_salida
   36          | llamada_proced
   37          | lista_sent

   38 lista_sent: IDENTIFICADOR LISTA_UNARIO_POSTFIJO PYC
   39           | LISTA_UNARIO_PREFIJO IDENTIFICADOR PYC

   40 llamada_proced: IDENTIFICADOR PARIZQ lista_expresiones PARDER PYC

   41 sentencia_asignacion: IDENTIFICADOR ASIGN expresion PYC

   42 sentencia_if: NOMB_IF PARIZQ expresion PARDER NOMB_THEN Sentencia
   43             | NOMB_IF PARIZQ expresion PARDER NOMB_THEN Sentencia NOMB_ELSE Sentencia

   44 sentencia_while: NOMB_WHILE PARIZQ expresion PARDER Sentencia

   45 sentencia_for: NOMB_FOR PARIZQ sentencia_asignacion expresion PYC Sentencia PARDER Sentencia

   46 sentencia_entrada: NOMB_ENTRADA lista_identificadores PYC

   47 sentencia_salida: NOMB_SALIDA lista_expresiones_o_cadena PYC

   48 lista_expresiones_o_cadena: expresion COMA lista_expresiones_o_cadena
   49                           | CADENA COMA lista_expresiones_o_cadena
   50                           | expresion
   51                           | CADENA
   52                           | /* empty */

   53 expresion: PARIZQ expresion PARDER
   54          | OP_UNARIO expresion
   55          | expresion OP_BINARIO_MULT expresion
   56          | expresion OP_BINARIO_IG expresion
   57          | expresion OP_BINARIO_COMP expresion
   58          | expresion OP_BINARIO_AND_LOG expresion
   59          | expresion OP_BINARIO_OR_LOG expresion
   60          | expresion OP_BINARIO_XOR expresion
   61          | expresion OP_BINARIO_ASTAST expresion
   62          | OP_UN_BIN expresion
   63          | expresion OP_UN_BIN expresion
   64          | expresion OP_TERN_PRIM_UN expresion OP_TERN_SEG expresion
   65          | IDENTIFICADOR
   66          | CONSTANTE
   67          | constante_lista
   68          | error

   69 constante_lista: CORIZQ lista_expresiones CORDER


Terminals, with rules where they appear

$end (0) 0
error (256) 16 19 24 68
SUBPROG_CLAVE (258) 8
CABECERA_PROGRAMA (259) 1
TIPO_PRIM (260) 25 26
TIPO_LISTA (261) 26
NOMB_IF (262) 42 43
NOMB_THEN (263) 42 43
NOMB_ELSE (264) 43
NOMB_WHILE (265) 44
NOMB_FOR (266) 45
NOMB_ENTRADA (267) 46
NOMB_SALIDA (268) 47
LISTA_UNARIO_PREFIJO (269) 39
LISTA_UNARIO_POSTFIJO (270) 38
OP_TERN_PRIM_UN (271) 64
OP_TERN_SEG (272) 64
OP_UN_BIN (273) 62 63
OP_UNARIO (274) 54
OP_BINARIO_OR_LOG (275) 59
OP_BINARIO_AND_LOG (276) 58
OP_BINARIO_XOR (277) 60
OP_BINARIO_IG (278) 56
OP_BINARIO_COMP (279) 57
OP_BINARIO_MULT (280) 55
IDENTIFICADOR (281) 8 13 14 17 18 38 39 40 41 65
CADENA (282) 49 51
CONSTANTE (283) 66
PARIZQ (284) 8 40 42 43 44 45 53
PARDER (285) 8 40 42 43 44 45 53
CORIZQ (286) 69
CORDER (287) 69
LLAVIZQ (288) 9
LLAVDER (289) 10
COMA (290) 13 17 20 48 49
PYC (291) 23 38 39 40 41 45 46 47
ASIGN (292) 41
MARCA_INI_DECLAR_VARIABLES (293) 6
MARCA_FIN_DECLAR_VARIABLES (294) 6
OP_BINARIO_ASTAST (295) 61


Nonterminals, with rules where they appear

$accept (41)
    on left: 0
Programa (42)
    on left: 1, on right: 0
bloque (43)
    on left: 2, on right: 1 5 29
Declar_de_subprogs (44)
    on left: 3 4, on right: 2 3
Declar_subprog (45)
    on left: 5, on right: 3
Declar_de_variables_locales (46)
    on left: 6 7, on right: 2
Cabecera_subprograma (47)
    on left: 8, on right: 5
Inicio_de_bloque (48)
    on left: 9, on right: 2
Fin_de_bloque (49)
    on left: 10, on right: 2
Variables_locales (50)
    on left: 11 12, on right: 6 11
lista_argumentos (51)
    on left: 13 14 15 16, on right: 8 13
lista_identificadores (52)
    on left: 17 18 19, on right: 17 23 46
lista_expresiones (53)
    on left: 20 21 22, on right: 20 40 69
Cuerpo_declar_variables (54)
    on left: 23 24, on right: 11
tipo (55)
    on left: 25 26, on right: 13 14 23
Sentencias (56)
    on left: 27 28, on right: 2 27
Sentencia (57)
    on left: 29 30 31 32 33 34 35 36 37, on right: 27 42 43 44 45
lista_sent (58)
    on left: 38 39, on right: 37
llamada_proced (59)
    on left: 40, on right: 36
sentencia_asignacion (60)
    on left: 41, on right: 30 45
sentencia_if (61)
    on left: 42 43, on right: 31
sentencia_while (62)
    on left: 44, on right: 32
sentencia_for (63)
    on left: 45, on right: 33
sentencia_entrada (64)
    on left: 46, on right: 34
sentencia_salida (65)
    on left: 47, on right: 35
lista_expresiones_o_cadena (66)
    on left: 48 49 50 51 52, on right: 47 48 49
expresion (67)
    on left: 53 54 55 56 57 58 59 60 61 62 63 64 65 66 67 68,
    on right: 20 21 41 42 43 44 45 48 50 53 54 55 56 57 58 59 60 61
    62 63 64
constante_lista (68)
    on left: 69, on right: 67


state 0

    0 $accept: . Programa $end

    CABECERA_PROGRAMA  shift, and go to state 1

    Programa  go to state 2


state 1

    1 Programa: CABECERA_PROGRAMA . bloque

    LLAVIZQ  shift, and go to state 3

    bloque            go to state 4
    Inicio_de_bloque  go to state 5


state 2

    0 $accept: Programa . $end

    $end  shift, and go to state 6


state 3

    9 Inicio_de_bloque: LLAVIZQ .

    $default  reduce using rule 9 (Inicio_de_bloque)


state 4

    1 Programa: CABECERA_PROGRAMA bloque .

    $default  reduce using rule 1 (Programa)


state 5

    2 bloque: Inicio_de_bloque . Declar_de_variables_locales Declar_de_subprogs Sentencias Fin_de_bloque

    MARCA_INI_DECLAR_VARIABLES  shift, and go to state 7

    $default  reduce using rule 7 (Declar_de_variables_locales)

    Declar_de_variables_locales  go to state 8


state 6

    0 $accept: Programa $end .

    $default  accept


state 7

    6 Declar_de_variables_locales: MARCA_INI_DECLAR_VARIABLES . Variables_locales MARCA_FIN_DECLAR_VARIABLES

    $default  reduce using rule 12 (Variables_locales)

    Variables_locales  go to state 9


state 8

    2 bloque: Inicio_de_bloque Declar_de_variables_locales . Declar_de_subprogs Sentencias Fin_de_bloque

    $default  reduce using rule 4 (Declar_de_subprogs)

    Declar_de_subprogs  go to state 10


state 9

    6 Declar_de_variables_locales: MARCA_INI_DECLAR_VARIABLES Variables_locales . MARCA_FIN_DECLAR_VARIABLES
   11 Variables_locales: Variables_locales . Cuerpo_declar_variables

    error                       shift, and go to state 11
    TIPO_PRIM                   shift, and go to state 12
    TIPO_LISTA                  shift, and go to state 13
    MARCA_FIN_DECLAR_VARIABLES  shift, and go to state 14

    Cuerpo_declar_variables  go to state 15
    tipo                     go to state 16


state 10

    2 bloque: Inicio_de_bloque Declar_de_variables_locales Declar_de_subprogs . Sentencias Fin_de_bloque
    3 Declar_de_subprogs: Declar_de_subprogs . Declar_subprog

    SUBPROG_CLAVE         shift, and go to state 17
    NOMB_IF               shift, and go to state 18
    NOMB_WHILE            shift, and go to state 19
    NOMB_FOR              shift, and go to state 20
    NOMB_ENTRADA          shift, and go to state 21
    NOMB_SALIDA           shift, and go to state 22
    LISTA_UNARIO_PREFIJO  shift, and go to state 23
    IDENTIFICADOR         shift, and go to state 24
    LLAVIZQ               shift, and go to state 3

    $default  reduce using rule 28 (Sentencias)

    bloque                go to state 25
    Declar_subprog        go to state 26
    Cabecera_subprograma  go to state 27
    Inicio_de_bloque      go to state 5
    Sentencias            go to state 28
    Sentencia             go to state 29
    lista_sent            go to state 30
    llamada_proced        go to state 31
    sentencia_asignacion  go to state 32
    sentencia_if          go to state 33
    sentencia_while       go to state 34
    sentencia_for         go to state 35
    sentencia_entrada     go to state 36
    sentencia_salida      go to state 37


state 11

   24 Cuerpo_declar_variables: error .

    $default  reduce using rule 24 (Cuerpo_declar_variables)


state 12

   25 tipo: TIPO_PRIM .

    $default  reduce using rule 25 (tipo)


state 13

   26 tipo: TIPO_LISTA . TIPO_PRIM

    TIPO_PRIM  shift, and go to state 38


state 14

    6 Declar_de_variables_locales: MARCA_INI_DECLAR_VARIABLES Variables_locales MARCA_FIN_DECLAR_VARIABLES .

    $default  reduce using rule 6 (Declar_de_variables_locales)


state 15

   11 Variables_locales: Variables_locales Cuerpo_declar_variables .

    $default  reduce using rule 11 (Variables_locales)


state 16

   23 Cuerpo_declar_variables: tipo . lista_identificadores PYC

    error          shift, and go to state 39
    IDENTIFICADOR  shift, and go to state 40

    lista_identificadores  go to state 41


state 17

    8 Cabecera_subprograma: SUBPROG_CLAVE . IDENTIFICADOR PARIZQ lista_argumentos PARDER

    IDENTIFICADOR  shift, and go to state 42


state 18

   42 sentencia_if: NOMB_IF . PARIZQ expresion PARDER NOMB_THEN Sentencia
   43             | NOMB_IF . PARIZQ expresion PARDER NOMB_THEN Sentencia NOMB_ELSE Sentencia

    PARIZQ  shift, and go to state 43


state 19

   44 sentencia_while: NOMB_WHILE . PARIZQ expresion PARDER Sentencia

    PARIZQ  shift, and go to state 44


state 20

   45 sentencia_for: NOMB_FOR . PARIZQ sentencia_asignacion expresion PYC Sentencia PARDER Sentencia

    PARIZQ  shift, and go to state 45


state 21

   46 sentencia_entrada: NOMB_ENTRADA . lista_identificadores PYC

    error          shift, and go to state 39
    IDENTIFICADOR  shift, and go to state 40

    lista_identificadores  go to state 46


state 22

   47 sentencia_salida: NOMB_SALIDA . lista_expresiones_o_cadena PYC

    error          shift, and go to state 47
    OP_UN_BIN      shift, and go to state 48
    OP_UNARIO      shift, and go to state 49
    IDENTIFICADOR  shift, and go to state 50
    CADENA         shift, and go to state 51
    CONSTANTE      shift, and go to state 52
    PARIZQ         shift, and go to state 53
    CORIZQ         shift, and go to state 54

    PYC  reduce using rule 52 (lista_expresiones_o_cadena)

    lista_expresiones_o_cadena  go to state 55
    expresion                   go to state 56
    constante_lista             go to state 57


state 23

   39 lista_sent: LISTA_UNARIO_PREFIJO . IDENTIFICADOR PYC

    IDENTIFICADOR  shift, and go to state 58


state 24

   38 lista_sent: IDENTIFICADOR . LISTA_UNARIO_POSTFIJO PYC
   40 llamada_proced: IDENTIFICADOR . PARIZQ lista_expresiones PARDER PYC
   41 sentencia_asignacion: IDENTIFICADOR . ASIGN expresion PYC

    LISTA_UNARIO_POSTFIJO  shift, and go to state 59
    PARIZQ                 shift, and go to state 60
    ASIGN                  shift, and go to state 61


state 25

   29 Sentencia: bloque .

    $default  reduce using rule 29 (Sentencia)


state 26

    3 Declar_de_subprogs: Declar_de_subprogs Declar_subprog .

    $default  reduce using rule 3 (Declar_de_subprogs)


state 27

    5 Declar_subprog: Cabecera_subprograma . bloque

    LLAVIZQ  shift, and go to state 3

    bloque            go to state 62
    Inicio_de_bloque  go to state 5


state 28

    2 bloque: Inicio_de_bloque Declar_de_variables_locales Declar_de_subprogs Sentencias . Fin_de_bloque

    LLAVDER  shift, and go to state 63

    Fin_de_bloque  go to state 64


state 29

   27 Sentencias: Sentencia . Sentencias

    NOMB_IF               shift, and go to state 18
    NOMB_WHILE            shift, and go to state 19
    NOMB_FOR              shift, and go to state 20
    NOMB_ENTRADA          shift, and go to state 21
    NOMB_SALIDA           shift, and go to state 22
    LISTA_UNARIO_PREFIJO  shift, and go to state 23
    IDENTIFICADOR         shift, and go to state 24
    LLAVIZQ               shift, and go to state 3

    $default  reduce using rule 28 (Sentencias)

    bloque                go to state 25
    Inicio_de_bloque      go to state 5
    Sentencias            go to state 65
    Sentencia             go to state 29
    lista_sent            go to state 30
    llamada_proced        go to state 31
    sentencia_asignacion  go to state 32
    sentencia_if          go to state 33
    sentencia_while       go to state 34
    sentencia_for         go to state 35
    sentencia_entrada     go to state 36
    sentencia_salida      go to state 37


state 30

   37 Sentencia: lista_sent .

    $default  reduce using rule 37 (Sentencia)


state 31

   36 Sentencia: llamada_proced .

    $default  reduce using rule 36 (Sentencia)


state 32

   30 Sentencia: sentencia_asignacion .

    $default  reduce using rule 30 (Sentencia)


state 33

   31 Sentencia: sentencia_if .

    $default  reduce using rule 31 (Sentencia)


state 34

   32 Sentencia: sentencia_while .

    $default  reduce using rule 32 (Sentencia)


state 35

   33 Sentencia: sentencia_for .

    $default  reduce using rule 33 (Sentencia)


state 36

   34 Sentencia: sentencia_entrada .

    $default  reduce using rule 34 (Sentencia)


state 37

   35 Sentencia: sentencia_salida .

    $default  reduce using rule 35 (Sentencia)


state 38

   26 tipo: TIPO_LISTA TIPO_PRIM .

    $default  reduce using rule 26 (tipo)


state 39

   19 lista_identificadores: error .

    $default  reduce using rule 19 (lista_identificadores)


state 40

   18 lista_identificadores: IDENTIFICADOR .

    $default  reduce using rule 18 (lista_identificadores)


state 41

   17 lista_identificadores: lista_identificadores . COMA IDENTIFICADOR
   23 Cuerpo_declar_variables: tipo lista_identificadores . PYC

    COMA  shift, and go to state 66
    PYC   shift, and go to state 67


state 42

    8 Cabecera_subprograma: SUBPROG_CLAVE IDENTIFICADOR . PARIZQ lista_argumentos PARDER

    PARIZQ  shift, and go to state 68


state 43

   42 sentencia_if: NOMB_IF PARIZQ . expresion PARDER NOMB_THEN Sentencia
   43             | NOMB_IF PARIZQ . expresion PARDER NOMB_THEN Sentencia NOMB_ELSE Sentencia

    error          shift, and go to state 47
    OP_UN_BIN      shift, and go to state 48
    OP_UNARIO      shift, and go to state 49
    IDENTIFICADOR  shift, and go to state 50
    CONSTANTE      shift, and go to state 52
    PARIZQ         shift, and go to state 53
    CORIZQ         shift, and go to state 54

    expresion        go to state 69
    constante_lista  go to state 57


state 44

   44 sentencia_while: NOMB_WHILE PARIZQ . expresion PARDER Sentencia

    error          shift, and go to state 47
    OP_UN_BIN      shift, and go to state 48
    OP_UNARIO      shift, and go to state 49
    IDENTIFICADOR  shift, and go to state 50
    CONSTANTE      shift, and go to state 52
    PARIZQ         shift, and go to state 53
    CORIZQ         shift, and go to state 54

    expresion        go to state 70
    constante_lista  go to state 57


state 45

   45 sentencia_for: NOMB_FOR PARIZQ . sentencia_asignacion expresion PYC Sentencia PARDER Sentencia

    IDENTIFICADOR  shift, and go to state 71

    sentencia_asignacion  go to state 72


state 46

   17 lista_identificadores: lista_identificadores . COMA IDENTIFICADOR
   46 sentencia_entrada: NOMB_ENTRADA lista_identificadores . PYC

    COMA  shift, and go to state 66
    PYC   shift, and go to state 73


state 47

   68 expresion: error .

    $default  reduce using rule 68 (expresion)


state 48

   62 expresion: OP_UN_BIN . expresion

    error          shift, and go to state 47
    OP_UN_BIN      shift, and go to state 48
    OP_UNARIO      shift, and go to state 49
    IDENTIFICADOR  shift, and go to state 50
    CONSTANTE      shift, and go to state 52
    PARIZQ         shift, and go to state 53
    CORIZQ         shift, and go to state 54

    expresion        go to state 74
    constante_lista  go to state 57


state 49

   54 expresion: OP_UNARIO . expresion

    error          shift, and go to state 47
    OP_UN_BIN      shift, and go to state 48
    OP_UNARIO      shift, and go to state 49
    IDENTIFICADOR  shift, and go to state 50
    CONSTANTE      shift, and go to state 52
    PARIZQ         shift, and go to state 53
    CORIZQ         shift, and go to state 54

    expresion        go to state 75
    constante_lista  go to state 57


state 50

   65 expresion: IDENTIFICADOR .

    $default  reduce using rule 65 (expresion)


state 51

   49 lista_expresiones_o_cadena: CADENA . COMA lista_expresiones_o_cadena
   51                           | CADENA .

    COMA  shift, and go to state 76

    $default  reduce using rule 51 (lista_expresiones_o_cadena)


state 52

   66 expresion: CONSTANTE .

    $default  reduce using rule 66 (expresion)


state 53

   53 expresion: PARIZQ . expresion PARDER

    error          shift, and go to state 47
    OP_UN_BIN      shift, and go to state 48
    OP_UNARIO      shift, and go to state 49
    IDENTIFICADOR  shift, and go to state 50
    CONSTANTE      shift, and go to state 52
    PARIZQ         shift, and go to state 53
    CORIZQ         shift, and go to state 54

    expresion        go to state 77
    constante_lista  go to state 57


state 54

   69 constante_lista: CORIZQ . lista_expresiones CORDER

    error          shift, and go to state 47
    OP_UN_BIN      shift, and go to state 48
    OP_UNARIO      shift, and go to state 49
    IDENTIFICADOR  shift, and go to state 50
    CONSTANTE      shift, and go to state 52
    PARIZQ         shift, and go to state 53
    CORIZQ         shift, and go to state 54

    CORDER  reduce using rule 22 (lista_expresiones)
    COMA    reduce using rule 22 (lista_expresiones)

    lista_expresiones  go to state 78
    expresion          go to state 79
    constante_lista    go to state 57


state 55

   47 sentencia_salida: NOMB_SALIDA lista_expresiones_o_cadena . PYC

    PYC  shift, and go to state 80


state 56

   48 lista_expresiones_o_cadena: expresion . COMA lista_expresiones_o_cadena
   50                           | expresion .
   55 expresion: expresion . OP_BINARIO_MULT expresion
   56          | expresion . OP_BINARIO_IG expresion
   57          | expresion . OP_BINARIO_COMP expresion
   58          | expresion . OP_BINARIO_AND_LOG expresion
   59          | expresion . OP_BINARIO_OR_LOG expresion
   60          | expresion . OP_BINARIO_XOR expresion
   61          | expresion . OP_BINARIO_ASTAST expresion
   63          | expresion . OP_UN_BIN expresion
   64          | expresion . OP_TERN_PRIM_UN expresion OP_TERN_SEG expresion

    OP_TERN_PRIM_UN     shift, and go to state 81
    OP_UN_BIN           shift, and go to state 82
    OP_BINARIO_OR_LOG   shift, and go to state 83
    OP_BINARIO_AND_LOG  shift, and go to state 84
    OP_BINARIO_XOR      shift, and go to state 85
    OP_BINARIO_IG       shift, and go to state 86
    OP_BINARIO_COMP     shift, and go to state 87
    OP_BINARIO_MULT     shift, and go to state 88
    COMA                shift, and go to state 89
    OP_BINARIO_ASTAST   shift, and go to state 90

    $default  reduce using rule 50 (lista_expresiones_o_cadena)


state 57

   67 expresion: constante_lista .

    $default  reduce using rule 67 (expresion)


state 58

   39 lista_sent: LISTA_UNARIO_PREFIJO IDENTIFICADOR . PYC

    PYC  shift, and go to state 91


state 59

   38 lista_sent: IDENTIFICADOR LISTA_UNARIO_POSTFIJO . PYC

    PYC  shift, and go to state 92


state 60

   40 llamada_proced: IDENTIFICADOR PARIZQ . lista_expresiones PARDER PYC

    error          shift, and go to state 47
    OP_UN_BIN      shift, and go to state 48
    OP_UNARIO      shift, and go to state 49
    IDENTIFICADOR  shift, and go to state 50
    CONSTANTE      shift, and go to state 52
    PARIZQ         shift, and go to state 53
    CORIZQ         shift, and go to state 54

    PARDER  reduce using rule 22 (lista_expresiones)
    COMA    reduce using rule 22 (lista_expresiones)

    lista_expresiones  go to state 93
    expresion          go to state 79
    constante_lista    go to state 57


state 61

   41 sentencia_asignacion: IDENTIFICADOR ASIGN . expresion PYC

    error          shift, and go to state 47
    OP_UN_BIN      shift, and go to state 48
    OP_UNARIO      shift, and go to state 49
    IDENTIFICADOR  shift, and go to state 50
    CONSTANTE      shift, and go to state 52
    PARIZQ         shift, and go to state 53
    CORIZQ         shift, and go to state 54

    expresion        go to state 94
    constante_lista  go to state 57


state 62

    5 Declar_subprog: Cabecera_subprograma bloque .

    $default  reduce using rule 5 (Declar_subprog)


state 63

   10 Fin_de_bloque: LLAVDER .

    $default  reduce using rule 10 (Fin_de_bloque)


state 64

    2 bloque: Inicio_de_bloque Declar_de_variables_locales Declar_de_subprogs Sentencias Fin_de_bloque .

    $default  reduce using rule 2 (bloque)


state 65

   27 Sentencias: Sentencia Sentencias .

    $default  reduce using rule 27 (Sentencias)


state 66

   17 lista_identificadores: lista_identificadores COMA . IDENTIFICADOR

    IDENTIFICADOR  shift, and go to state 95


state 67

   23 Cuerpo_declar_variables: tipo lista_identificadores PYC .

    $default  reduce using rule 23 (Cuerpo_declar_variables)


state 68

    8 Cabecera_subprograma: SUBPROG_CLAVE IDENTIFICADOR PARIZQ . lista_argumentos PARDER

    error       shift, and go to state 96
    TIPO_PRIM   shift, and go to state 12
    TIPO_LISTA  shift, and go to state 13

    PARDER  reduce using rule 15 (lista_argumentos)
    COMA    reduce using rule 15 (lista_argumentos)

    lista_argumentos  go to state 97
    tipo              go to state 98


state 69

   42 sentencia_if: NOMB_IF PARIZQ expresion . PARDER NOMB_THEN Sentencia
   43             | NOMB_IF PARIZQ expresion . PARDER NOMB_THEN Sentencia NOMB_ELSE Sentencia
   55 expresion: expresion . OP_BINARIO_MULT expresion
   56          | expresion . OP_BINARIO_IG expresion
   57          | expresion . OP_BINARIO_COMP expresion
   58          | expresion . OP_BINARIO_AND_LOG expresion
   59          | expresion . OP_BINARIO_OR_LOG expresion
   60          | expresion . OP_BINARIO_XOR expresion
   61          | expresion . OP_BINARIO_ASTAST expresion
   63          | expresion . OP_UN_BIN expresion
   64          | expresion . OP_TERN_PRIM_UN expresion OP_TERN_SEG expresion

    OP_TERN_PRIM_UN     shift, and go to state 81
    OP_UN_BIN           shift, and go to state 82
    OP_BINARIO_OR_LOG   shift, and go to state 83
    OP_BINARIO_AND_LOG  shift, and go to state 84
    OP_BINARIO_XOR      shift, and go to state 85
    OP_BINARIO_IG       shift, and go to state 86
    OP_BINARIO_COMP     shift, and go to state 87
    OP_BINARIO_MULT     shift, and go to state 88
    PARDER              shift, and go to state 99
    OP_BINARIO_ASTAST   shift, and go to state 90


state 70

   44 sentencia_while: NOMB_WHILE PARIZQ expresion . PARDER Sentencia
   55 expresion: expresion . OP_BINARIO_MULT expresion
   56          | expresion . OP_BINARIO_IG expresion
   57          | expresion . OP_BINARIO_COMP expresion
   58          | expresion . OP_BINARIO_AND_LOG expresion
   59          | expresion . OP_BINARIO_OR_LOG expresion
   60          | expresion . OP_BINARIO_XOR expresion
   61          | expresion . OP_BINARIO_ASTAST expresion
   63          | expresion . OP_UN_BIN expresion
   64          | expresion . OP_TERN_PRIM_UN expresion OP_TERN_SEG expresion

    OP_TERN_PRIM_UN     shift, and go to state 81
    OP_UN_BIN           shift, and go to state 82
    OP_BINARIO_OR_LOG   shift, and go to state 83
    OP_BINARIO_AND_LOG  shift, and go to state 84
    OP_BINARIO_XOR      shift, and go to state 85
    OP_BINARIO_IG       shift, and go to state 86
    OP_BINARIO_COMP     shift, and go to state 87
    OP_BINARIO_MULT     shift, and go to state 88
    PARDER              shift, and go to state 100
    OP_BINARIO_ASTAST   shift, and go to state 90


state 71

   41 sentencia_asignacion: IDENTIFICADOR . ASIGN expresion PYC

    ASIGN  shift, and go to state 61


state 72

   45 sentencia_for: NOMB_FOR PARIZQ sentencia_asignacion . expresion PYC Sentencia PARDER Sentencia

    error          shift, and go to state 47
    OP_UN_BIN      shift, and go to state 48
    OP_UNARIO      shift, and go to state 49
    IDENTIFICADOR  shift, and go to state 50
    CONSTANTE      shift, and go to state 52
    PARIZQ         shift, and go to state 53
    CORIZQ         shift, and go to state 54

    expresion        go to state 101
    constante_lista  go to state 57


state 73

   46 sentencia_entrada: NOMB_ENTRADA lista_identificadores PYC .

    $default  reduce using rule 46 (sentencia_entrada)


state 74

   55 expresion: expresion . OP_BINARIO_MULT expresion
   56          | expresion . OP_BINARIO_IG expresion
   57          | expresion . OP_BINARIO_COMP expresion
   58          | expresion . OP_BINARIO_AND_LOG expresion
   59          | expresion . OP_BINARIO_OR_LOG expresion
   60          | expresion . OP_BINARIO_XOR expresion
   61          | expresion . OP_BINARIO_ASTAST expresion
   62          | OP_UN_BIN expresion .
   63          | expresion . OP_UN_BIN expresion
   64          | expresion . OP_TERN_PRIM_UN expresion OP_TERN_SEG expresion

    OP_TERN_PRIM_UN  shift, and go to state 81

    $default  reduce using rule 62 (expresion)


state 75

   54 expresion: OP_UNARIO expresion .
   55          | expresion . OP_BINARIO_MULT expresion
   56          | expresion . OP_BINARIO_IG expresion
   57          | expresion . OP_BINARIO_COMP expresion
   58          | expresion . OP_BINARIO_AND_LOG expresion
   59          | expresion . OP_BINARIO_OR_LOG expresion
   60          | expresion . OP_BINARIO_XOR expresion
   61          | expresion . OP_BINARIO_ASTAST expresion
   63          | expresion . OP_UN_BIN expresion
   64          | expresion . OP_TERN_PRIM_UN expresion OP_TERN_SEG expresion

    OP_TERN_PRIM_UN  shift, and go to state 81

    $default  reduce using rule 54 (expresion)


state 76

   49 lista_expresiones_o_cadena: CADENA COMA . lista_expresiones_o_cadena

    error          shift, and go to state 47
    OP_UN_BIN      shift, and go to state 48
    OP_UNARIO      shift, and go to state 49
    IDENTIFICADOR  shift, and go to state 50
    CADENA         shift, and go to state 51
    CONSTANTE      shift, and go to state 52
    PARIZQ         shift, and go to state 53
    CORIZQ         shift, and go to state 54

    PYC  reduce using rule 52 (lista_expresiones_o_cadena)

    lista_expresiones_o_cadena  go to state 102
    expresion                   go to state 56
    constante_lista             go to state 57


state 77

   53 expresion: PARIZQ expresion . PARDER
   55          | expresion . OP_BINARIO_MULT expresion
   56          | expresion . OP_BINARIO_IG expresion
   57          | expresion . OP_BINARIO_COMP expresion
   58          | expresion . OP_BINARIO_AND_LOG expresion
   59          | expresion . OP_BINARIO_OR_LOG expresion
   60          | expresion . OP_BINARIO_XOR expresion
   61          | expresion . OP_BINARIO_ASTAST expresion
   63          | expresion . OP_UN_BIN expresion
   64          | expresion . OP_TERN_PRIM_UN expresion OP_TERN_SEG expresion

    OP_TERN_PRIM_UN     shift, and go to state 81
    OP_UN_BIN           shift, and go to state 82
    OP_BINARIO_OR_LOG   shift, and go to state 83
    OP_BINARIO_AND_LOG  shift, and go to state 84
    OP_BINARIO_XOR      shift, and go to state 85
    OP_BINARIO_IG       shift, and go to state 86
    OP_BINARIO_COMP     shift, and go to state 87
    OP_BINARIO_MULT     shift, and go to state 88
    PARDER              shift, and go to state 103
    OP_BINARIO_ASTAST   shift, and go to state 90


state 78

   20 lista_expresiones: lista_expresiones . COMA expresion
   69 constante_lista: CORIZQ lista_expresiones . CORDER

    CORDER  shift, and go to state 104
    COMA    shift, and go to state 105


state 79

   21 lista_expresiones: expresion .
   55 expresion: expresion . OP_BINARIO_MULT expresion
   56          | expresion . OP_BINARIO_IG expresion
   57          | expresion . OP_BINARIO_COMP expresion
   58          | expresion . OP_BINARIO_AND_LOG expresion
   59          | expresion . OP_BINARIO_OR_LOG expresion
   60          | expresion . OP_BINARIO_XOR expresion
   61          | expresion . OP_BINARIO_ASTAST expresion
   63          | expresion . OP_UN_BIN expresion
   64          | expresion . OP_TERN_PRIM_UN expresion OP_TERN_SEG expresion

    OP_TERN_PRIM_UN     shift, and go to state 81
    OP_UN_BIN           shift, and go to state 82
    OP_BINARIO_OR_LOG   shift, and go to state 83
    OP_BINARIO_AND_LOG  shift, and go to state 84
    OP_BINARIO_XOR      shift, and go to state 85
    OP_BINARIO_IG       shift, and go to state 86
    OP_BINARIO_COMP     shift, and go to state 87
    OP_BINARIO_MULT     shift, and go to state 88
    OP_BINARIO_ASTAST   shift, and go to state 90

    $default  reduce using rule 21 (lista_expresiones)


state 80

   47 sentencia_salida: NOMB_SALIDA lista_expresiones_o_cadena PYC .

    $default  reduce using rule 47 (sentencia_salida)


state 81

   64 expresion: expresion OP_TERN_PRIM_UN . expresion OP_TERN_SEG expresion

    error          shift, and go to state 47
    OP_UN_BIN      shift, and go to state 48
    OP_UNARIO      shift, and go to state 49
    IDENTIFICADOR  shift, and go to state 50
    CONSTANTE      shift, and go to state 52
    PARIZQ         shift, and go to state 53
    CORIZQ         shift, and go to state 54

    expresion        go to state 106
    constante_lista  go to state 57


state 82

   63 expresion: expresion OP_UN_BIN . expresion

    error          shift, and go to state 47
    OP_UN_BIN      shift, and go to state 48
    OP_UNARIO      shift, and go to state 49
    IDENTIFICADOR  shift, and go to state 50
    CONSTANTE      shift, and go to state 52
    PARIZQ         shift, and go to state 53
    CORIZQ         shift, and go to state 54

    expresion        go to state 107
    constante_lista  go to state 57


state 83

   59 expresion: expresion OP_BINARIO_OR_LOG . expresion

    error          shift, and go to state 47
    OP_UN_BIN      shift, and go to state 48
    OP_UNARIO      shift, and go to state 49
    IDENTIFICADOR  shift, and go to state 50
    CONSTANTE      shift, and go to state 52
    PARIZQ         shift, and go to state 53
    CORIZQ         shift, and go to state 54

    expresion        go to state 108
    constante_lista  go to state 57


state 84

   58 expresion: expresion OP_BINARIO_AND_LOG . expresion

    error          shift, and go to state 47
    OP_UN_BIN      shift, and go to state 48
    OP_UNARIO      shift, and go to state 49
    IDENTIFICADOR  shift, and go to state 50
    CONSTANTE      shift, and go to state 52
    PARIZQ         shift, and go to state 53
    CORIZQ         shift, and go to state 54

    expresion        go to state 109
    constante_lista  go to state 57


state 85

   60 expresion: expresion OP_BINARIO_XOR . expresion

    error          shift, and go to state 47
    OP_UN_BIN      shift, and go to state 48
    OP_UNARIO      shift, and go to state 49
    IDENTIFICADOR  shift, and go to state 50
    CONSTANTE      shift, and go to state 52
    PARIZQ         shift, and go to state 53
    CORIZQ         shift, and go to state 54

    expresion        go to state 110
    constante_lista  go to state 57


state 86

   56 expresion: expresion OP_BINARIO_IG . expresion

    error          shift, and go to state 47
    OP_UN_BIN      shift, and go to state 48
    OP_UNARIO      shift, and go to state 49
    IDENTIFICADOR  shift, and go to state 50
    CONSTANTE      shift, and go to state 52
    PARIZQ         shift, and go to state 53
    CORIZQ         shift, and go to state 54

    expresion        go to state 111
    constante_lista  go to state 57


state 87

   57 expresion: expresion OP_BINARIO_COMP . expresion

    error          shift, and go to state 47
    OP_UN_BIN      shift, and go to state 48
    OP_UNARIO      shift, and go to state 49
    IDENTIFICADOR  shift, and go to state 50
    CONSTANTE      shift, and go to state 52
    PARIZQ         shift, and go to state 53
    CORIZQ         shift, and go to state 54

    expresion        go to state 112
    constante_lista  go to state 57


state 88

   55 expresion: expresion OP_BINARIO_MULT . expresion

    error          shift, and go to state 47
    OP_UN_BIN      shift, and go to state 48
    OP_UNARIO      shift, and go to state 49
    IDENTIFICADOR  shift, and go to state 50
    CONSTANTE      shift, and go to state 52
    PARIZQ         shift, and go to state 53
    CORIZQ         shift, and go to state 54

    expresion        go to state 113
    constante_lista  go to state 57


state 89

   48 lista_expresiones_o_cadena: expresion COMA . lista_expresiones_o_cadena

    error          shift, and go to state 47
    OP_UN_BIN      shift, and go to state 48
    OP_UNARIO      shift, and go to state 49
    IDENTIFICADOR  shift, and go to state 50
    CADENA         shift, and go to state 51
    CONSTANTE      shift, and go to state 52
    PARIZQ         shift, and go to state 53
    CORIZQ         shift, and go to state 54

    PYC  reduce using rule 52 (lista_expresiones_o_cadena)

    lista_expresiones_o_cadena  go to state 114
    expresion                   go to state 56
    constante_lista             go to state 57


state 90

   61 expresion: expresion OP_BINARIO_ASTAST . expresion

    error          shift, and go to state 47
    OP_UN_BIN      shift, and go to state 48
    OP_UNARIO      shift, and go to state 49
    IDENTIFICADOR  shift, and go to state 50
    CONSTANTE      shift, and go to state 52
    PARIZQ         shift, and go to state 53
    CORIZQ         shift, and go to state 54

    expresion        go to state 115
    constante_lista  go to state 57


state 91

   39 lista_sent: LISTA_UNARIO_PREFIJO IDENTIFICADOR PYC .

    $default  reduce using rule 39 (lista_sent)


state 92

   38 lista_sent: IDENTIFICADOR LISTA_UNARIO_POSTFIJO PYC .

    $default  reduce using rule 38 (lista_sent)


state 93

   20 lista_expresiones: lista_expresiones . COMA expresion
   40 llamada_proced: IDENTIFICADOR PARIZQ lista_expresiones . PARDER PYC

    PARDER  shift, and go to state 116
    COMA    shift, and go to state 105


state 94

   41 sentencia_asignacion: IDENTIFICADOR ASIGN expresion . PYC
   55 expresion: expresion . OP_BINARIO_MULT expresion
   56          | expresion . OP_BINARIO_IG expresion
   57          | expresion . OP_BINARIO_COMP expresion
   58          | expresion . OP_BINARIO_AND_LOG expresion
   59          | expresion . OP_BINARIO_OR_LOG expresion
   60          | expresion . OP_BINARIO_XOR expresion
   61          | expresion . OP_BINARIO_ASTAST expresion
   63          | expresion . OP_UN_BIN expresion
   64          | expresion . OP_TERN_PRIM_UN expresion OP_TERN_SEG expresion

    OP_TERN_PRIM_UN     shift, and go to state 81
    OP_UN_BIN           shift, and go to state 82
    OP_BINARIO_OR_LOG   shift, and go to state 83
    OP_BINARIO_AND_LOG  shift, and go to state 84
    OP_BINARIO_XOR      shift, and go to state 85
    OP_BINARIO_IG       shift, and go to state 86
    OP_BINARIO_COMP     shift, and go to state 87
    OP_BINARIO_MULT     shift, and go to state 88
    PYC                 shift, and go to state 117
    OP_BINARIO_ASTAST   shift, and go to state 90


state 95

   17 lista_identificadores: lista_identificadores COMA IDENTIFICADOR .

    $default  reduce using rule 17 (lista_identificadores)


state 96

   16 lista_argumentos: error .

    $default  reduce using rule 16 (lista_argumentos)


state 97

    8 Cabecera_subprograma: SUBPROG_CLAVE IDENTIFICADOR PARIZQ lista_argumentos . PARDER
   13 lista_argumentos: lista_argumentos . COMA tipo IDENTIFICADOR

    PARDER  shift, and go to state 118
    COMA    shift, and go to state 119


state 98

   14 lista_argumentos: tipo . IDENTIFICADOR

    IDENTIFICADOR  shift, and go to state 120


state 99

   42 sentencia_if: NOMB_IF PARIZQ expresion PARDER . NOMB_THEN Sentencia
   43             | NOMB_IF PARIZQ expresion PARDER . NOMB_THEN Sentencia NOMB_ELSE Sentencia

    NOMB_THEN  shift, and go to state 121


state 100

   44 sentencia_while: NOMB_WHILE PARIZQ expresion PARDER . Sentencia

    NOMB_IF               shift, and go to state 18
    NOMB_WHILE            shift, and go to state 19
    NOMB_FOR              shift, and go to state 20
    NOMB_ENTRADA          shift, and go to state 21
    NOMB_SALIDA           shift, and go to state 22
    LISTA_UNARIO_PREFIJO  shift, and go to state 23
    IDENTIFICADOR         shift, and go to state 24
    LLAVIZQ               shift, and go to state 3

    bloque                go to state 25
    Inicio_de_bloque      go to state 5
    Sentencia             go to state 122
    lista_sent            go to state 30
    llamada_proced        go to state 31
    sentencia_asignacion  go to state 32
    sentencia_if          go to state 33
    sentencia_while       go to state 34
    sentencia_for         go to state 35
    sentencia_entrada     go to state 36
    sentencia_salida      go to state 37


state 101

   45 sentencia_for: NOMB_FOR PARIZQ sentencia_asignacion expresion . PYC Sentencia PARDER Sentencia
   55 expresion: expresion . OP_BINARIO_MULT expresion
   56          | expresion . OP_BINARIO_IG expresion
   57          | expresion . OP_BINARIO_COMP expresion
   58          | expresion . OP_BINARIO_AND_LOG expresion
   59          | expresion . OP_BINARIO_OR_LOG expresion
   60          | expresion . OP_BINARIO_XOR expresion
   61          | expresion . OP_BINARIO_ASTAST expresion
   63          | expresion . OP_UN_BIN expresion
   64          | expresion . OP_TERN_PRIM_UN expresion OP_TERN_SEG expresion

    OP_TERN_PRIM_UN     shift, and go to state 81
    OP_UN_BIN           shift, and go to state 82
    OP_BINARIO_OR_LOG   shift, and go to state 83
    OP_BINARIO_AND_LOG  shift, and go to state 84
    OP_BINARIO_XOR      shift, and go to state 85
    OP_BINARIO_IG       shift, and go to state 86
    OP_BINARIO_COMP     shift, and go to state 87
    OP_BINARIO_MULT     shift, and go to state 88
    PYC                 shift, and go to state 123
    OP_BINARIO_ASTAST   shift, and go to state 90


state 102

   49 lista_expresiones_o_cadena: CADENA COMA lista_expresiones_o_cadena .

    $default  reduce using rule 49 (lista_expresiones_o_cadena)


state 103

   53 expresion: PARIZQ expresion PARDER .

    $default  reduce using rule 53 (expresion)


state 104

   69 constante_lista: CORIZQ lista_expresiones CORDER .

    $default  reduce using rule 69 (constante_lista)


state 105

   20 lista_expresiones: lista_expresiones COMA . expresion

    error          shift, and go to state 47
    OP_UN_BIN      shift, and go to state 48
    OP_UNARIO      shift, and go to state 49
    IDENTIFICADOR  shift, and go to state 50
    CONSTANTE      shift, and go to state 52
    PARIZQ         shift, and go to state 53
    CORIZQ         shift, and go to state 54

    expresion        go to state 124
    constante_lista  go to state 57


state 106

   55 expresion: expresion . OP_BINARIO_MULT expresion
   56          | expresion . OP_BINARIO_IG expresion
   57          | expresion . OP_BINARIO_COMP expresion
   58          | expresion . OP_BINARIO_AND_LOG expresion
   59          | expresion . OP_BINARIO_OR_LOG expresion
   60          | expresion . OP_BINARIO_XOR expresion
   61          | expresion . OP_BINARIO_ASTAST expresion
   63          | expresion . OP_UN_BIN expresion
   64          | expresion . OP_TERN_PRIM_UN expresion OP_TERN_SEG expresion
   64          | expresion OP_TERN_PRIM_UN expresion . OP_TERN_SEG expresion

    OP_TERN_PRIM_UN     shift, and go to state 81
    OP_TERN_SEG         shift, and go to state 125
    OP_UN_BIN           shift, and go to state 82
    OP_BINARIO_OR_LOG   shift, and go to state 83
    OP_BINARIO_AND_LOG  shift, and go to state 84
    OP_BINARIO_XOR      shift, and go to state 85
    OP_BINARIO_IG       shift, and go to state 86
    OP_BINARIO_COMP     shift, and go to state 87
    OP_BINARIO_MULT     shift, and go to state 88
    OP_BINARIO_ASTAST   shift, and go to state 90


state 107

   55 expresion: expresion . OP_BINARIO_MULT expresion
   56          | expresion . OP_BINARIO_IG expresion
   57          | expresion . OP_BINARIO_COMP expresion
   58          | expresion . OP_BINARIO_AND_LOG expresion
   59          | expresion . OP_BINARIO_OR_LOG expresion
   60          | expresion . OP_BINARIO_XOR expresion
   61          | expresion . OP_BINARIO_ASTAST expresion
   63          | expresion . OP_UN_BIN expresion
   63          | expresion OP_UN_BIN expresion .
   64          | expresion . OP_TERN_PRIM_UN expresion OP_TERN_SEG expresion

    OP_TERN_PRIM_UN  shift, and go to state 81
    OP_BINARIO_MULT  shift, and go to state 88

    $default  reduce using rule 63 (expresion)


state 108

   55 expresion: expresion . OP_BINARIO_MULT expresion
   56          | expresion . OP_BINARIO_IG expresion
   57          | expresion . OP_BINARIO_COMP expresion
   58          | expresion . OP_BINARIO_AND_LOG expresion
   59          | expresion . OP_BINARIO_OR_LOG expresion
   59          | expresion OP_BINARIO_OR_LOG expresion .
   60          | expresion . OP_BINARIO_XOR expresion
   61          | expresion . OP_BINARIO_ASTAST expresion
   63          | expresion . OP_UN_BIN expresion
   64          | expresion . OP_TERN_PRIM_UN expresion OP_TERN_SEG expresion

    OP_TERN_PRIM_UN     shift, and go to state 81
    OP_UN_BIN           shift, and go to state 82
    OP_BINARIO_AND_LOG  shift, and go to state 84
    OP_BINARIO_XOR      shift, and go to state 85
    OP_BINARIO_IG       shift, and go to state 86
    OP_BINARIO_COMP     shift, and go to state 87
    OP_BINARIO_MULT     shift, and go to state 88
    OP_BINARIO_ASTAST   shift, and go to state 90

    $default  reduce using rule 59 (expresion)


state 109

   55 expresion: expresion . OP_BINARIO_MULT expresion
   56          | expresion . OP_BINARIO_IG expresion
   57          | expresion . OP_BINARIO_COMP expresion
   58          | expresion . OP_BINARIO_AND_LOG expresion
   58          | expresion OP_BINARIO_AND_LOG expresion .
   59          | expresion . OP_BINARIO_OR_LOG expresion
   60          | expresion . OP_BINARIO_XOR expresion
   61          | expresion . OP_BINARIO_ASTAST expresion
   63          | expresion . OP_UN_BIN expresion
   64          | expresion . OP_TERN_PRIM_UN expresion OP_TERN_SEG expresion

    OP_TERN_PRIM_UN    shift, and go to state 81
    OP_UN_BIN          shift, and go to state 82
    OP_BINARIO_XOR     shift, and go to state 85
    OP_BINARIO_IG      shift, and go to state 86
    OP_BINARIO_COMP    shift, and go to state 87
    OP_BINARIO_MULT    shift, and go to state 88
    OP_BINARIO_ASTAST  shift, and go to state 90

    $default  reduce using rule 58 (expresion)


state 110

   55 expresion: expresion . OP_BINARIO_MULT expresion
   56          | expresion . OP_BINARIO_IG expresion
   57          | expresion . OP_BINARIO_COMP expresion
   58          | expresion . OP_BINARIO_AND_LOG expresion
   59          | expresion . OP_BINARIO_OR_LOG expresion
   60          | expresion . OP_BINARIO_XOR expresion
   60          | expresion OP_BINARIO_XOR expresion .
   61          | expresion . OP_BINARIO_ASTAST expresion
   63          | expresion . OP_UN_BIN expresion
   64          | expresion . OP_TERN_PRIM_UN expresion OP_TERN_SEG expresion

    OP_TERN_PRIM_UN    shift, and go to state 81
    OP_UN_BIN          shift, and go to state 82
    OP_BINARIO_IG      shift, and go to state 86
    OP_BINARIO_COMP    shift, and go to state 87
    OP_BINARIO_MULT    shift, and go to state 88
    OP_BINARIO_ASTAST  shift, and go to state 90

    $default  reduce using rule 60 (expresion)


state 111

   55 expresion: expresion . OP_BINARIO_MULT expresion
   56          | expresion . OP_BINARIO_IG expresion
   56          | expresion OP_BINARIO_IG expresion .
   57          | expresion . OP_BINARIO_COMP expresion
   58          | expresion . OP_BINARIO_AND_LOG expresion
   59          | expresion . OP_BINARIO_OR_LOG expresion
   60          | expresion . OP_BINARIO_XOR expresion
   61          | expresion . OP_BINARIO_ASTAST expresion
   63          | expresion . OP_UN_BIN expresion
   64          | expresion . OP_TERN_PRIM_UN expresion OP_TERN_SEG expresion

    OP_TERN_PRIM_UN    shift, and go to state 81
    OP_UN_BIN          shift, and go to state 82
    OP_BINARIO_COMP    shift, and go to state 87
    OP_BINARIO_MULT    shift, and go to state 88
    OP_BINARIO_ASTAST  shift, and go to state 90

    $default  reduce using rule 56 (expresion)


state 112

   55 expresion: expresion . OP_BINARIO_MULT expresion
   56          | expresion . OP_BINARIO_IG expresion
   57          | expresion . OP_BINARIO_COMP expresion
   57          | expresion OP_BINARIO_COMP expresion .
   58          | expresion . OP_BINARIO_AND_LOG expresion
   59          | expresion . OP_BINARIO_OR_LOG expresion
   60          | expresion . OP_BINARIO_XOR expresion
   61          | expresion . OP_BINARIO_ASTAST expresion
   63          | expresion . OP_UN_BIN expresion
   64          | expresion . OP_TERN_PRIM_UN expresion OP_TERN_SEG expresion

    OP_TERN_PRIM_UN    shift, and go to state 81
    OP_UN_BIN          shift, and go to state 82
    OP_BINARIO_MULT    shift, and go to state 88
    OP_BINARIO_ASTAST  shift, and go to state 90

    $default  reduce using rule 57 (expresion)


state 113

   55 expresion: expresion . OP_BINARIO_MULT expresion
   55          | expresion OP_BINARIO_MULT expresion .
   56          | expresion . OP_BINARIO_IG expresion
   57          | expresion . OP_BINARIO_COMP expresion
   58          | expresion . OP_BINARIO_AND_LOG expresion
   59          | expresion . OP_BINARIO_OR_LOG expresion
   60          | expresion . OP_BINARIO_XOR expresion
   61          | expresion . OP_BINARIO_ASTAST expresion
   63          | expresion . OP_UN_BIN expresion
   64          | expresion . OP_TERN_PRIM_UN expresion OP_TERN_SEG expresion

    OP_TERN_PRIM_UN  shift, and go to state 81

    $default  reduce using rule 55 (expresion)


state 114

   48 lista_expresiones_o_cadena: expresion COMA lista_expresiones_o_cadena .

    $default  reduce using rule 48 (lista_expresiones_o_cadena)


state 115

   55 expresion: expresion . OP_BINARIO_MULT expresion
   56          | expresion . OP_BINARIO_IG expresion
   57          | expresion . OP_BINARIO_COMP expresion
   58          | expresion . OP_BINARIO_AND_LOG expresion
   59          | expresion . OP_BINARIO_OR_LOG expresion
   60          | expresion . OP_BINARIO_XOR expresion
   61          | expresion . OP_BINARIO_ASTAST expresion
   61          | expresion OP_BINARIO_ASTAST expresion .
   63          | expresion . OP_UN_BIN expresion
   64          | expresion . OP_TERN_PRIM_UN expresion OP_TERN_SEG expresion

    OP_TERN_PRIM_UN  shift, and go to state 81
    OP_UN_BIN        shift, and go to state 82
    OP_BINARIO_MULT  shift, and go to state 88

    $default  reduce using rule 61 (expresion)


state 116

   40 llamada_proced: IDENTIFICADOR PARIZQ lista_expresiones PARDER . PYC

    PYC  shift, and go to state 126


state 117

   41 sentencia_asignacion: IDENTIFICADOR ASIGN expresion PYC .

    $default  reduce using rule 41 (sentencia_asignacion)


state 118

    8 Cabecera_subprograma: SUBPROG_CLAVE IDENTIFICADOR PARIZQ lista_argumentos PARDER .

    $default  reduce using rule 8 (Cabecera_subprograma)


state 119

   13 lista_argumentos: lista_argumentos COMA . tipo IDENTIFICADOR

    TIPO_PRIM   shift, and go to state 12
    TIPO_LISTA  shift, and go to state 13

    tipo  go to state 127


state 120

   14 lista_argumentos: tipo IDENTIFICADOR .

    $default  reduce using rule 14 (lista_argumentos)


state 121

   42 sentencia_if: NOMB_IF PARIZQ expresion PARDER NOMB_THEN . Sentencia
   43             | NOMB_IF PARIZQ expresion PARDER NOMB_THEN . Sentencia NOMB_ELSE Sentencia

    NOMB_IF               shift, and go to state 18
    NOMB_WHILE            shift, and go to state 19
    NOMB_FOR              shift, and go to state 20
    NOMB_ENTRADA          shift, and go to state 21
    NOMB_SALIDA           shift, and go to state 22
    LISTA_UNARIO_PREFIJO  shift, and go to state 23
    IDENTIFICADOR         shift, and go to state 24
    LLAVIZQ               shift, and go to state 3

    bloque                go to state 25
    Inicio_de_bloque      go to state 5
    Sentencia             go to state 128
    lista_sent            go to state 30
    llamada_proced        go to state 31
    sentencia_asignacion  go to state 32
    sentencia_if          go to state 33
    sentencia_while       go to state 34
    sentencia_for         go to state 35
    sentencia_entrada     go to state 36
    sentencia_salida      go to state 37


state 122

   44 sentencia_while: NOMB_WHILE PARIZQ expresion PARDER Sentencia .

    $default  reduce using rule 44 (sentencia_while)


state 123

   45 sentencia_for: NOMB_FOR PARIZQ sentencia_asignacion expresion PYC . Sentencia PARDER Sentencia

    NOMB_IF               shift, and go to state 18
    NOMB_WHILE            shift, and go to state 19
    NOMB_FOR              shift, and go to state 20
    NOMB_ENTRADA          shift, and go to state 21
    NOMB_SALIDA           shift, and go to state 22
    LISTA_UNARIO_PREFIJO  shift, and go to state 23
    IDENTIFICADOR         shift, and go to state 24
    LLAVIZQ               shift, and go to state 3

    bloque                go to state 25
    Inicio_de_bloque      go to state 5
    Sentencia             go to state 129
    lista_sent            go to state 30
    llamada_proced        go to state 31
    sentencia_asignacion  go to state 32
    sentencia_if          go to state 33
    sentencia_while       go to state 34
    sentencia_for         go to state 35
    sentencia_entrada     go to state 36
    sentencia_salida      go to state 37


state 124

   20 lista_expresiones: lista_expresiones COMA expresion .
   55 expresion: expresion . OP_BINARIO_MULT expresion
   56          | expresion . OP_BINARIO_IG expresion
   57          | expresion . OP_BINARIO_COMP expresion
   58          | expresion . OP_BINARIO_AND_LOG expresion
   59          | expresion . OP_BINARIO_OR_LOG expresion
   60          | expresion . OP_BINARIO_XOR expresion
   61          | expresion . OP_BINARIO_ASTAST expresion
   63          | expresion . OP_UN_BIN expresion
   64          | expresion . OP_TERN_PRIM_UN expresion OP_TERN_SEG expresion

    OP_TERN_PRIM_UN     shift, and go to state 81
    OP_UN_BIN           shift, and go to state 82
    OP_BINARIO_OR_LOG   shift, and go to state 83
    OP_BINARIO_AND_LOG  shift, and go to state 84
    OP_BINARIO_XOR      shift, and go to state 85
    OP_BINARIO_IG       shift, and go to state 86
    OP_BINARIO_COMP     shift, and go to state 87
    OP_BINARIO_MULT     shift, and go to state 88
    OP_BINARIO_ASTAST   shift, and go to state 90

    $default  reduce using rule 20 (lista_expresiones)


state 125

   64 expresion: expresion OP_TERN_PRIM_UN expresion OP_TERN_SEG . expresion

    error          shift, and go to state 47
    OP_UN_BIN      shift, and go to state 48
    OP_UNARIO      shift, and go to state 49
    IDENTIFICADOR  shift, and go to state 50
    CONSTANTE      shift, and go to state 52
    PARIZQ         shift, and go to state 53
    CORIZQ         shift, and go to state 54

    expresion        go to state 130
    constante_lista  go to state 57


state 126

   40 llamada_proced: IDENTIFICADOR PARIZQ lista_expresiones PARDER PYC .

    $default  reduce using rule 40 (llamada_proced)


state 127

   13 lista_argumentos: lista_argumentos COMA tipo . IDENTIFICADOR

    IDENTIFICADOR  shift, and go to state 131


state 128

   42 sentencia_if: NOMB_IF PARIZQ expresion PARDER NOMB_THEN Sentencia .
   43             | NOMB_IF PARIZQ expresion PARDER NOMB_THEN Sentencia . NOMB_ELSE Sentencia

    NOMB_ELSE  shift, and go to state 132

    NOMB_ELSE  [reduce using rule 42 (sentencia_if)]
    $default   reduce using rule 42 (sentencia_if)


state 129

   45 sentencia_for: NOMB_FOR PARIZQ sentencia_asignacion expresion PYC Sentencia . PARDER Sentencia

    PARDER  shift, and go to state 133


state 130

   55 expresion: expresion . OP_BINARIO_MULT expresion
   56          | expresion . OP_BINARIO_IG expresion
   57          | expresion . OP_BINARIO_COMP expresion
   58          | expresion . OP_BINARIO_AND_LOG expresion
   59          | expresion . OP_BINARIO_OR_LOG expresion
   60          | expresion . OP_BINARIO_XOR expresion
   61          | expresion . OP_BINARIO_ASTAST expresion
   63          | expresion . OP_UN_BIN expresion
   64          | expresion . OP_TERN_PRIM_UN expresion OP_TERN_SEG expresion
   64          | expresion OP_TERN_PRIM_UN expresion OP_TERN_SEG expresion .

    $default  reduce using rule 64 (expresion)


state 131

   13 lista_argumentos: lista_argumentos COMA tipo IDENTIFICADOR .

    $default  reduce using rule 13 (lista_argumentos)


state 132

   43 sentencia_if: NOMB_IF PARIZQ expresion PARDER NOMB_THEN Sentencia NOMB_ELSE . Sentencia

    NOMB_IF               shift, and go to state 18
    NOMB_WHILE            shift, and go to state 19
    NOMB_FOR              shift, and go to state 20
    NOMB_ENTRADA          shift, and go to state 21
    NOMB_SALIDA           shift, and go to state 22
    LISTA_UNARIO_PREFIJO  shift, and go to state 23
    IDENTIFICADOR         shift, and go to state 24
    LLAVIZQ               shift, and go to state 3

    bloque                go to state 25
    Inicio_de_bloque      go to state 5
    Sentencia             go to state 134
    lista_sent            go to state 30
    llamada_proced        go to state 31
    sentencia_asignacion  go to state 32
    sentencia_if          go to state 33
    sentencia_while       go to state 34
    sentencia_for         go to state 35
    sentencia_entrada     go to state 36
    sentencia_salida      go to state 37


state 133

   45 sentencia_for: NOMB_FOR PARIZQ sentencia_asignacion expresion PYC Sentencia PARDER . Sentencia

    NOMB_IF               shift, and go to state 18
    NOMB_WHILE            shift, and go to state 19
    NOMB_FOR              shift, and go to state 20
    NOMB_ENTRADA          shift, and go to state 21
    NOMB_SALIDA           shift, and go to state 22
    LISTA_UNARIO_PREFIJO  shift, and go to state 23
    IDENTIFICADOR         shift, and go to state 24
    LLAVIZQ               shift, and go to state 3

    bloque                go to state 25
    Inicio_de_bloque      go to state 5
    Sentencia             go to state 135
    lista_sent            go to state 30
    llamada_proced        go to state 31
    sentencia_asignacion  go to state 32
    sentencia_if          go to state 33
    sentencia_while       go to state 34
    sentencia_for         go to state 35
    sentencia_entrada     go to state 36
    sentencia_salida      go to state 37


state 134

   43 sentencia_if: NOMB_IF PARIZQ expresion PARDER NOMB_THEN Sentencia NOMB_ELSE Sentencia .

    $default  reduce using rule 43 (sentencia_if)


state 135

   45 sentencia_for: NOMB_FOR PARIZQ sentencia_asignacion expresion PYC Sentencia PARDER Sentencia .

    $default  reduce using rule 45 (sentencia_for)
